18:06:28.599 [pool-2-thread-1] INFO  kr.go.mpss.idsl.dmr.ip.link.ehojo_thing.FromFileBlock.doing(FromFileBlock.java:31) - FromFile count - 1
18:11:32.414 [pool-2-thread-1] INFO  kr.go.mpss.idsl.dmr.ip.link.ehojo_thing.FromFileBlock.doing(FromFileBlock.java:31) - FromFile count - 1
18:14:06.337 [pool-2-thread-1] INFO  kr.go.mpss.idsl.dmr.ip.link.ehojo_thing.FromFileBlock.doing(FromFileBlock.java:31) - FromFile count - 1
18:24:48.693 [pool-3-thread-1] INFO  kr.go.mpss.idsl.dmr.ip.link.ehojo_thing.THNG_Dto2TFE_THNG_DTL_INFOBlock.doing(THNG_Dto2TFE_THNG_DTL_INFOBlock.java:34) - Convert List<THNG_Dto> to List<TFE_THNG_DTL_INFO> Object.
18:27:32.978 [pool-2-thread-1] INFO  kr.go.mpss.idsl.dmr.ip.link.ehojo_thing.FromFileBlock.doing(FromFileBlock.java:31) - FromFile count - 1
18:27:37.639 [pool-3-thread-1] INFO  kr.go.mpss.idsl.dmr.ip.link.ehojo_thing.THNG_Dto2TFE_THNG_DTL_INFOBlock.doing(THNG_Dto2TFE_THNG_DTL_INFOBlock.java:34) - Convert List<THNG_Dto> to List<TFE_THNG_DTL_INFO> Object.
18:28:43.174 [pool-3-thread-1] INFO  kr.go.mpss.idsl.dmr.ip.link.ehojo_thing.ToDBBlock.doing(ToDBBlock.java:38) - SaveOrUpdate to DB : TFE_THNG_DTL_INFO(CNTRCT_PBLNC_OFFIC_CL_CD=00, CNTRCT_MNG_SN=6440000-201600310005, THNG_SN=1, THNG_NM=신문, THNG_CL_NO=55101504, THNG_STNDD_NO=20273855, THNG_STNDD=신문, 신문, THNG_UNIT=부, THNG_QY=1870000, THNG_UNTPC=155.6, THNG_AMT=290972000)
18:28:47.745 [pool-3-thread-1] INFO  kr.go.mpss.idsl.dmr.ip.link.ehojo_thing.ToDBBlock.doing(ToDBBlock.java:38) - SaveOrUpdate to DB : TFE_THNG_DTL_INFO(CNTRCT_PBLNC_OFFIC_CL_CD=00, CNTRCT_MNG_SN=6440000-201600210024, THNG_SN=1, THNG_NM=기타인쇄물, THNG_CL_NO=55101599, THNG_STNDD_NO=20274031, THNG_STNDD=기타인쇄물, 기타인쇄물, THNG_UNIT=부, THNG_QY=220, THNG_UNTPC=32000, THNG_AMT=7040000)
18:28:47.755 [pool-3-thread-1] INFO  kr.go.mpss.idsl.dmr.ip.link.ehojo_thing.ToDBBlock.doing(ToDBBlock.java:38) - SaveOrUpdate to DB : TFE_THNG_DTL_INFO(CNTRCT_PBLNC_OFFIC_CL_CD=00, CNTRCT_MNG_SN=6440000-201600210025, THNG_SN=1, THNG_NM=기타인쇄물, THNG_CL_NO=55101599, THNG_STNDD_NO=20274031, THNG_STNDD=기타인쇄물, 기타인쇄물, THNG_UNIT=조, THNG_QY=1, THNG_UNTPC=13900000, THNG_AMT=13900000)
18:28:47.765 [pool-3-thread-1] INFO  kr.go.mpss.idsl.dmr.ip.link.ehojo_thing.ToDBBlock.doing(ToDBBlock.java:38) - SaveOrUpdate to DB : TFE_THNG_DTL_INFO(CNTRCT_PBLNC_OFFIC_CL_CD=00, CNTRCT_MNG_SN=6440000-201600210029, THNG_SN=1, THNG_NM=기동복, THNG_CL_NO=53102799, THNG_STNDD_NO=20717089, THNG_STNDD=기동복, 경도기업, 의용소방대용, 동복, 요대포함, 폴리에스테르64%, THNG_UNIT=착, THNG_QY=20, THNG_UNTPC=43000, THNG_AMT=860000)
18:28:47.785 [pool-3-thread-1] INFO  kr.go.mpss.idsl.dmr.ip.link.ehojo_thing.ToDBBlock.doing(ToDBBlock.java:38) - SaveOrUpdate to DB : TFE_THNG_DTL_INFO(CNTRCT_PBLNC_OFFIC_CL_CD=00, CNTRCT_MNG_SN=6440000-201600210029, THNG_SN=2, THNG_NM=기동복, THNG_CL_NO=53102799, THNG_STNDD_NO=20717089, THNG_STNDD=기동복, 경도기업, 의용소방대용, 동복, 요대포함, 폴리에스테르64%, THNG_UNIT=착, THNG_QY=20, THNG_UNTPC=38500, THNG_AMT=770000)
18:28:47.805 [pool-3-thread-1] INFO  kr.go.mpss.idsl.dmr.ip.link.ehojo_thing.ToDBBlock.doing(ToDBBlock.java:38) - SaveOrUpdate to DB : TFE_THNG_DTL_INFO(CNTRCT_PBLNC_OFFIC_CL_CD=00, CNTRCT_MNG_SN=6440000-201600210029, THNG_SN=3, THNG_NM=기동화, THNG_CL_NO=46181695, THNG_STNDD_NO=21811535, THNG_STNDD=기동화, 지구사, jks-2010, 소방훈련화, THNG_UNIT=족, THNG_QY=14, THNG_UNTPC=41000, THNG_AMT=574000)
18:28:47.815 [pool-3-thread-1] INFO  kr.go.mpss.idsl.dmr.ip.link.ehojo_thing.ToDBBlock.doing(ToDBBlock.java:38) - SaveOrUpdate to DB : TFE_THNG_DTL_INFO(CNTRCT_PBLNC_OFFIC_CL_CD=00, CNTRCT_MNG_SN=6440000-201600210029, THNG_SN=4, THNG_NM=남성용운동화, THNG_CL_NO=53111901, THNG_STNDD_NO=22344096, THNG_STNDD=남성용운동화, 경도기업, KD-AS-Gore, 소방공무원용활동화, THNG_UNIT=족, THNG_QY=6, THNG_UNTPC=64000, THNG_AMT=384000)
18:28:47.825 [pool-3-thread-1] INFO  kr.go.mpss.idsl.dmr.ip.link.ehojo_thing.ToDBBlock.doing(ToDBBlock.java:38) - SaveOrUpdate to DB : TFE_THNG_DTL_INFO(CNTRCT_PBLNC_OFFIC_CL_CD=00, CNTRCT_MNG_SN=6440000-201600210029, THNG_SN=5, THNG_NM=테모자, THNG_CL_NO=53102503, THNG_STNDD_NO=20469067, THNG_STNDD=남성용모자, 동천모자, 소방관용, 면, THNG_UNIT=개(EA), THNG_QY=20, THNG_UNTPC=5500, THNG_AMT=110000)
18:28:47.845 [pool-3-thread-1] INFO  kr.go.mpss.idsl.dmr.ip.link.ehojo_thing.ToDBBlock.doing(ToDBBlock.java:38) - SaveOrUpdate to DB : TFE_THNG_DTL_INFO(CNTRCT_PBLNC_OFFIC_CL_CD=00, CNTRCT_MNG_SN=6440000-201600210029, THNG_SN=6, THNG_NM=남성용조끼, THNG_CL_NO=53103101, THNG_STNDD_NO=20717098, THNG_STNDD=남성용조끼, 경도기업, 의용소방대용, 폴리에스테르, THNG_UNIT=매, THNG_QY=20, THNG_UNTPC=27500, THNG_AMT=550000)
18:28:47.860 [pool-3-thread-1] INFO  kr.go.mpss.idsl.dmr.ip.link.ehojo_thing.ToDBBlock.doing(ToDBBlock.java:38) - SaveOrUpdate to DB : TFE_THNG_DTL_INFO(CNTRCT_PBLNC_OFFIC_CL_CD=00, CNTRCT_MNG_SN=6440000-201600210029, THNG_SN=7, THNG_NM=방한복, THNG_CL_NO=46181529, THNG_STNDD_NO=21282149, THNG_STNDD=방한복, 코오롱스포츠, jwjs8180, 나일론100%, THNG_UNIT=매, THNG_QY=20, THNG_UNTPC=77000, THNG_AMT=1540000)
18:28:47.875 [pool-3-thread-1] INFO  kr.go.mpss.idsl.dmr.ip.link.ehojo_thing.ToDBBlock.doing(ToDBBlock.java:38) - SaveOrUpdate to DB : TFE_THNG_DTL_INFO(CNTRCT_PBLNC_OFFIC_CL_CD=00, CNTRCT_MNG_SN=6440000-201600210029, THNG_SN=8, THNG_NM=견장및어깨장식, THNG_CL_NO=53102520, THNG_STNDD_NO=21671854, THNG_STNDD=휘장, 반도컬렉션, BD-0031, 소방공무원용, 소매표장, THNG_UNIT=개(EA), THNG_QY=80, THNG_UNTPC=1100, THNG_AMT=88000)
18:28:47.890 [pool-3-thread-1] INFO  kr.go.mpss.idsl.dmr.ip.link.ehojo_thing.ToDBBlock.doing(ToDBBlock.java:38) - SaveOrUpdate to DB : TFE_THNG_DTL_INFO(CNTRCT_PBLNC_OFFIC_CL_CD=00, CNTRCT_MNG_SN=6440000-201600210029, THNG_SN=9, THNG_NM=비금속명판, THNG_CL_NO=55121702, THNG_STNDD_NO=20511042, THNG_STNDD=비금속명판, 청남사, 명찰, 6×2(6×2.5)mm, THNG_UNIT=개(EA), THNG_QY=40, THNG_UNTPC=2200, THNG_AMT=88000)
18:28:47.905 [pool-3-thread-1] INFO  kr.go.mpss.idsl.dmr.ip.link.ehojo_thing.ToDBBlock.doing(ToDBBlock.java:38) - SaveOrUpdate to DB : TFE_THNG_DTL_INFO(CNTRCT_PBLNC_OFFIC_CL_CD=00, CNTRCT_MNG_SN=6440000-201600210029, THNG_SN=10, THNG_NM=허리띠또는멜빵, THNG_CL_NO=53102501, THNG_STNDD_NO=21639437, THNG_STNDD=요대, 승엽사, 소방공무원요대, 소가죽, THNG_UNIT=조, THNG_QY=23, THNG_UNTPC=5800, THNG_AMT=133400)
18:28:47.920 [pool-3-thread-1] INFO  kr.go.mpss.idsl.dmr.ip.link.ehojo_thing.ToDBBlock.doing(ToDBBlock.java:38) - SaveOrUpdate to DB : TFE_THNG_DTL_INFO(CNTRCT_PBLNC_OFFIC_CL_CD=00, CNTRCT_MNG_SN=6440000-201600210029, THNG_SN=11, THNG_NM=정복, THNG_CL_NO=53102702, THNG_STNDD_NO=20729036, THNG_STNDD=남자정복, 경도기업, 의용소방대용, 동계용, THNG_UNIT=착, THNG_QY=3, THNG_UNTPC=200000, THNG_AMT=600000)
18:28:47.935 [pool-3-thread-1] INFO  kr.go.mpss.idsl.dmr.ip.link.ehojo_thing.ToDBBlock.doing(ToDBBlock.java:38) - SaveOrUpdate to DB : TFE_THNG_DTL_INFO(CNTRCT_PBLNC_OFFIC_CL_CD=00, CNTRCT_MNG_SN=6440000-201600210029, THNG_SN=12, THNG_NM=정복, THNG_CL_NO=53102702, THNG_STNDD_NO=20727503, THNG_STNDD=여자정복, 경도기업, 의용소방대용, 동계용, THNG_UNIT=착, THNG_QY=2, THNG_UNTPC=180000, THNG_AMT=360000)
18:28:47.950 [pool-3-thread-1] INFO  kr.go.mpss.idsl.dmr.ip.link.ehojo_thing.ToDBBlock.doing(ToDBBlock.java:38) - SaveOrUpdate to DB : TFE_THNG_DTL_INFO(CNTRCT_PBLNC_OFFIC_CL_CD=00, CNTRCT_MNG_SN=6440000-201600210029, THNG_SN=13, THNG_NM=남성용셔츠, THNG_CL_NO=53101602, THNG_STNDD_NO=21639376, THNG_STNDD=남성용셔츠, 제일, 소방관동근무복, THNG_UNIT=매, THNG_QY=3, THNG_UNTPC=35000, THNG_AMT=105000)
18:28:53.482 [pool-2-thread-1] INFO  kr.go.mpss.idsl.dmr.ip.link.ehojo_thing.FromFileBlock.doing(FromFileBlock.java:31) - FromFile count - 0
18:28:53.487 [pool-2-thread-1] INFO  kr.go.mpss.idsl.dmr.ip.link.ehojo_thing.FromFileBlock.doing(FromFileBlock.java:31) - FromFile count - 0
18:28:53.487 [pool-2-thread-1] INFO  kr.go.mpss.idsl.dmr.ip.link.ehojo_thing.FromFileBlock.doing(FromFileBlock.java:31) - FromFile count - 0
18:28:53.487 [pool-2-thread-1] INFO  kr.go.mpss.idsl.dmr.ip.link.ehojo_thing.FromFileBlock.doing(FromFileBlock.java:31) - FromFile count - 0
18:28:53.487 [pool-2-thread-1] INFO  kr.go.mpss.idsl.dmr.ip.link.ehojo_thing.FromFileBlock.doing(FromFileBlock.java:31) - FromFile count - 0
18:28:53.487 [pool-2-thread-1] INFO  kr.go.mpss.idsl.dmr.ip.link.ehojo_thing.FromFileBlock.doing(FromFileBlock.java:31) - FromFile count - 0
18:28:53.487 [pool-2-thread-1] INFO  kr.go.mpss.idsl.dmr.ip.link.ehojo_thing.FromFileBlock.doing(FromFileBlock.java:31) - FromFile count - 0
18:28:53.487 [pool-2-thread-1] INFO  kr.go.mpss.idsl.dmr.ip.link.ehojo_thing.FromFileBlock.doing(FromFileBlock.java:31) - FromFile count - 0
18:29:02.960 [pool-2-thread-1] INFO  kr.go.mpss.idsl.dmr.ip.link.ehojo_thing.FromFileBlock.doing(FromFileBlock.java:31) - FromFile count - 0
18:29:12.960 [pool-2-thread-1] INFO  kr.go.mpss.idsl.dmr.ip.link.ehojo_thing.FromFileBlock.doing(FromFileBlock.java:31) - FromFile count - 0
18:29:22.956 [pool-2-thread-1] INFO  kr.go.mpss.idsl.dmr.ip.link.ehojo_thing.FromFileBlock.doing(FromFileBlock.java:31) - FromFile count - 0
18:29:32.957 [pool-2-thread-1] INFO  kr.go.mpss.idsl.dmr.ip.link.ehojo_thing.FromFileBlock.doing(FromFileBlock.java:31) - FromFile count - 0
18:29:42.960 [pool-2-thread-1] INFO  kr.go.mpss.idsl.dmr.ip.link.ehojo_thing.FromFileBlock.doing(FromFileBlock.java:31) - FromFile count - 0
