13:13:32.091 [pool-2-thread-1] INFO  kr.go.mpss.idsl.dmr.ip.link.ehojo_contract.FromFileBlock.doing(FromFileBlock.java:31) - FromFile count - 1
14:08:36.727 [pool-2-thread-1] INFO  kr.go.mpss.idsl.dmr.ip.link.ehojo_contract.FromFileBlock.doing(FromFileBlock.java:31) - FromFile count - 1
14:09:44.436 [pool-2-thread-1] INFO  kr.go.mpss.idsl.dmr.ip.link.ehojo_contract.FromFileBlock.doing(FromFileBlock.java:31) - FromFile count - 1
14:10:41.985 [pool-2-thread-1] INFO  kr.go.mpss.idsl.dmr.ip.link.ehojo_contract.FromFileBlock.doing(FromFileBlock.java:31) - FromFile count - 1
14:13:00.013 [pool-2-thread-1] INFO  kr.go.mpss.idsl.dmr.ip.link.ehojo_contract.FromFileBlock.doing(FromFileBlock.java:31) - FromFile count - 1
14:14:32.044 [pool-2-thread-1] INFO  kr.go.mpss.idsl.dmr.ip.link.ehojo_contract.FromFileBlock.doing(FromFileBlock.java:31) - FromFile count - 1
14:14:46.574 [pool-2-thread-1] INFO  kr.go.mpss.idsl.dmr.ip.link.ehojo_contract.FromFileBlock.doing(FromFileBlock.java:31) - FromFile count - 1
14:15:44.458 [pool-2-thread-1] INFO  kr.go.mpss.idsl.dmr.ip.link.ehojo_contract.FromFileBlock.doing(FromFileBlock.java:31) - FromFile count - 1
14:16:35.509 [pool-2-thread-1] INFO  kr.go.mpss.idsl.dmr.ip.link.ehojo_contract.FromFileBlock.doing(FromFileBlock.java:31) - FromFile count - 1
14:18:02.179 [pool-2-thread-1] INFO  kr.go.mpss.idsl.dmr.ip.link.ehojo_contract.FromFileBlock.doing(FromFileBlock.java:31) - FromFile count - 1
14:18:39.174 [pool-2-thread-1] INFO  kr.go.mpss.idsl.dmr.ip.link.ehojo_contract.FromFileBlock.doing(FromFileBlock.java:31) - FromFile count - 1
14:20:50.821 [pool-2-thread-1] INFO  kr.go.mpss.idsl.dmr.ip.link.ehojo_contract.FromFileBlock.doing(FromFileBlock.java:31) - FromFile count - 1
14:21:17.636 [pool-2-thread-1] INFO  kr.go.mpss.idsl.dmr.ip.link.ehojo_contract.FromFileBlock.doing(FromFileBlock.java:31) - FromFile count - 1
14:22:35.788 [pool-2-thread-1] INFO  kr.go.mpss.idsl.dmr.ip.link.ehojo_contract.FromFileBlock.doing(FromFileBlock.java:31) - FromFile count - 1
14:29:01.617 [pool-2-thread-1] INFO  kr.go.mpss.idsl.dmr.ip.link.ehojo_contract.FromFileBlock.doing(FromFileBlock.java:31) - FromFile count - 1
16:14:35.277 [pool-2-thread-1] INFO  kr.go.mpss.idsl.dmr.ip.link.ehojo_contract.FromFileBlock.doing(FromFileBlock.java:31) - FromFile count - 1
16:15:20.729 [pool-2-thread-1] INFO  kr.go.mpss.idsl.dmr.ip.link.ehojo_contract.FromFileBlock.doing(FromFileBlock.java:31) - FromFile count - 1
16:15:41.187 [pool-3-thread-1] INFO  kr.go.mpss.idsl.dmr.ip.link.ehojo_contract.CNTRCT_INFO_Dto2TFE_CNTRCT_INFO_DTLBlock.doing(CNTRCT_INFO_Dto2TFE_CNTRCT_INFO_DTLBlock.java:68) - Convert List<CNTRCT_INFO_Dto> to List<TFE_CNTRCT_INFO_DTL> Object.
16:19:58.606 [pool-3-thread-1] INFO  kr.go.mpss.idsl.dmr.ip.link.ehojo_contract.ToDBBlock.doing(ToDBBlock.java:36) - SaveOrUpdate to DB : TFE_CNTRCT_INFO_DTL(CNTRCT_SE=10, CNTRCT_OBJ=3, CNTRCT_SE_KND=3, CNTRCT_TY=6, CNTRCT_TY_NM=인쇄, STRWRK_DE=, FRST_SMRIZE_CNTRCTAMOUNT=290972000, COMPET_PRRNG_DE=20161231, EXPENS_SE=10, EXPENS_SE_NM=일반지출, COMPET_DE=20161231, DEBIT_AT=Y, NEW_LNGTR_SE=0, NEW_LNGTR_SE_NM=단년, CNTRCT_MTH=2, CNTRCT_MTH_NM=제한경쟁, CNTRCT_SUMRY=금액: 290,972,000원
업체: 광고디자인(대표 김창석)
기간: 2016. 1. 1. - 12. 31., LC_NM=홍보협력관 요구장소, PRCURE_SE=2, PRCURE_SE_NM=자체(전자), CNTRCT_DEPT_CD=1030040, CNTRCT_CHPSN_ID=2015070000062, CNTRCT_CHPSN_NM=안은영, LAST_UPDUSR_DE=20160108)
16:20:23.286 [pool-3-thread-1] INFO  kr.go.mpss.idsl.dmr.ip.link.ehojo_contract.ToDBBlock.doing(ToDBBlock.java:36) - SaveOrUpdate to DB : TFE_CNTRCT_INFO_DTL(CNTRCT_SE=10, CNTRCT_OBJ=2, CNTRCT_SE_KND=2, CNTRCT_TY=1, CNTRCT_TY_NM=구매, STRWRK_DE=20160105, FRST_SMRIZE_CNTRCTAMOUNT=4800000, COMPET_PRRNG_DE=20161230, EXPENS_SE=10, EXPENS_SE_NM=일반지출, COMPET_DE=20161230, DEBIT_AT=Y, NEW_LNGTR_SE=0, NEW_LNGTR_SE_NM=단년, CNTRCT_MTH=4, CNTRCT_MTH_NM=수의1인견적, CNTRCT_SUMRY=o 2016년 냉ㆍ온(정)수기 소독 및 청소관리 계획
   - 연간금액 : 금4,800,000원(월별 : 400,000원×12월)
     (냉ㆍ온수기 : 16대 ×  10,000원 = 160,000원)
     (냉ㆍ온정수기 : 10대 × 19,000원 = 190,000원)
     (직수대형냉.온수기 : 1대 × 50,000원 = 50,000원), LC_NM=공무원교육원, PRCURE_SE=1, PRCURE_SE_NM=자체(수기), CNTRCT_DEPT_CD=1110021, CNTRCT_CHPSN_ID=2010070000048, CNTRCT_CHPSN_NM=윤형필, LAST_UPDUSR_DE=20160222)
16:20:24.747 [pool-3-thread-1] INFO  kr.go.mpss.idsl.dmr.ip.link.ehojo_contract.ToDBBlock.doing(ToDBBlock.java:36) - SaveOrUpdate to DB : TFE_CNTRCT_INFO_DTL(CNTRCT_SE=10, CNTRCT_OBJ=2, CNTRCT_SE_KND=2, CNTRCT_TY=1, CNTRCT_TY_NM=구매, STRWRK_DE=20160101, FRST_SMRIZE_CNTRCTAMOUNT=15000000, COMPET_PRRNG_DE=20160131, EXPENS_SE=10, EXPENS_SE_NM=일반지출, COMPET_DE=20160129, DEBIT_AT=Y, NEW_LNGTR_SE=0, NEW_LNGTR_SE_NM=단년, CNTRCT_MTH=4, CNTRCT_MTH_NM=수의1인견적, CNTRCT_SUMRY=금15,000,000원(금일천오백만원)
기간:2016.1.1~1.31, LC_NM=홍보협력관, PRCURE_SE=2, PRCURE_SE_NM=자체(전자), CNTRCT_DEPT_CD=1030040, CNTRCT_CHPSN_ID=2011010000153, CNTRCT_CHPSN_NM=김영준, LAST_UPDUSR_DE=20160203)
16:20:27.137 [pool-3-thread-1] INFO  kr.go.mpss.idsl.dmr.ip.link.ehojo_contract.ToDBBlock.doing(ToDBBlock.java:36) - SaveOrUpdate to DB : TFE_CNTRCT_INFO_DTL(CNTRCT_SE=10, CNTRCT_OBJ=2, CNTRCT_SE_KND=2, CNTRCT_TY=1, CNTRCT_TY_NM=구매, STRWRK_DE=20160102, FRST_SMRIZE_CNTRCTAMOUNT=63823500, COMPET_PRRNG_DE=20160331, EXPENS_SE=10, EXPENS_SE_NM=일반지출, COMPET_DE=20160331, DEBIT_AT=Y, NEW_LNGTR_SE=0, NEW_LNGTR_SE_NM=단년, CNTRCT_MTH=2, CNTRCT_MTH_NM=제한경쟁, CNTRCT_SUMRY=기 간 : 2016. 1. 2 ~ 3. 31
내 용 : 관람객 매검표 및 안내, LC_NM=백제문화단지 내, PRCURE_SE=2, PRCURE_SE_NM=자체(전자), CNTRCT_DEPT_CD=1125070, CNTRCT_CHPSN_ID=2015010000076, CNTRCT_CHPSN_NM=김연화, LAST_UPDUSR_DE=20160308)
16:21:02.033 [pool-2-thread-1] INFO  kr.go.mpss.idsl.dmr.ip.link.ehojo_contract.FromFileBlock.doing(FromFileBlock.java:31) - FromFile count - 0
16:21:05.393 [pool-2-thread-1] INFO  kr.go.mpss.idsl.dmr.ip.link.ehojo_contract.FromFileBlock.doing(FromFileBlock.java:31) - FromFile count - 0
16:21:06.186 [pool-2-thread-1] INFO  kr.go.mpss.idsl.dmr.ip.link.ehojo_contract.FromFileBlock.doing(FromFileBlock.java:31) - FromFile count - 0
16:21:06.635 [pool-2-thread-1] INFO  kr.go.mpss.idsl.dmr.ip.link.ehojo_contract.FromFileBlock.doing(FromFileBlock.java:31) - FromFile count - 0
16:21:06.988 [pool-2-thread-1] INFO  kr.go.mpss.idsl.dmr.ip.link.ehojo_contract.FromFileBlock.doing(FromFileBlock.java:31) - FromFile count - 0
16:21:07.445 [pool-2-thread-1] INFO  kr.go.mpss.idsl.dmr.ip.link.ehojo_contract.FromFileBlock.doing(FromFileBlock.java:31) - FromFile count - 0
16:21:09.167 [pool-2-thread-1] INFO  kr.go.mpss.idsl.dmr.ip.link.ehojo_contract.FromFileBlock.doing(FromFileBlock.java:31) - FromFile count - 0
16:21:09.168 [pool-2-thread-1] INFO  kr.go.mpss.idsl.dmr.ip.link.ehojo_contract.FromFileBlock.doing(FromFileBlock.java:31) - FromFile count - 0
16:21:09.169 [pool-2-thread-1] INFO  kr.go.mpss.idsl.dmr.ip.link.ehojo_contract.FromFileBlock.doing(FromFileBlock.java:31) - FromFile count - 0
16:21:09.169 [pool-2-thread-1] INFO  kr.go.mpss.idsl.dmr.ip.link.ehojo_contract.FromFileBlock.doing(FromFileBlock.java:31) - FromFile count - 0
16:21:09.169 [pool-2-thread-1] INFO  kr.go.mpss.idsl.dmr.ip.link.ehojo_contract.FromFileBlock.doing(FromFileBlock.java:31) - FromFile count - 0
16:21:09.170 [pool-2-thread-1] INFO  kr.go.mpss.idsl.dmr.ip.link.ehojo_contract.FromFileBlock.doing(FromFileBlock.java:31) - FromFile count - 0
16:21:09.170 [pool-2-thread-1] INFO  kr.go.mpss.idsl.dmr.ip.link.ehojo_contract.FromFileBlock.doing(FromFileBlock.java:31) - FromFile count - 0
16:21:09.171 [pool-2-thread-1] INFO  kr.go.mpss.idsl.dmr.ip.link.ehojo_contract.FromFileBlock.doing(FromFileBlock.java:31) - FromFile count - 0
16:21:09.172 [pool-2-thread-1] INFO  kr.go.mpss.idsl.dmr.ip.link.ehojo_contract.FromFileBlock.doing(FromFileBlock.java:31) - FromFile count - 0
16:21:09.173 [pool-2-thread-1] INFO  kr.go.mpss.idsl.dmr.ip.link.ehojo_contract.FromFileBlock.doing(FromFileBlock.java:31) - FromFile count - 0
16:21:09.173 [pool-2-thread-1] INFO  kr.go.mpss.idsl.dmr.ip.link.ehojo_contract.FromFileBlock.doing(FromFileBlock.java:31) - FromFile count - 0
16:21:09.180 [pool-2-thread-1] INFO  kr.go.mpss.idsl.dmr.ip.link.ehojo_contract.FromFileBlock.doing(FromFileBlock.java:31) - FromFile count - 0
16:21:09.180 [pool-2-thread-1] INFO  kr.go.mpss.idsl.dmr.ip.link.ehojo_contract.FromFileBlock.doing(FromFileBlock.java:31) - FromFile count - 0
16:21:09.181 [pool-2-thread-1] INFO  kr.go.mpss.idsl.dmr.ip.link.ehojo_contract.FromFileBlock.doing(FromFileBlock.java:31) - FromFile count - 0
16:21:09.181 [pool-2-thread-1] INFO  kr.go.mpss.idsl.dmr.ip.link.ehojo_contract.FromFileBlock.doing(FromFileBlock.java:31) - FromFile count - 0
16:21:09.182 [pool-2-thread-1] INFO  kr.go.mpss.idsl.dmr.ip.link.ehojo_contract.FromFileBlock.doing(FromFileBlock.java:31) - FromFile count - 0
16:21:09.182 [pool-2-thread-1] INFO  kr.go.mpss.idsl.dmr.ip.link.ehojo_contract.FromFileBlock.doing(FromFileBlock.java:31) - FromFile count - 0
16:21:09.183 [pool-2-thread-1] INFO  kr.go.mpss.idsl.dmr.ip.link.ehojo_contract.FromFileBlock.doing(FromFileBlock.java:31) - FromFile count - 0
16:21:09.183 [pool-2-thread-1] INFO  kr.go.mpss.idsl.dmr.ip.link.ehojo_contract.FromFileBlock.doing(FromFileBlock.java:31) - FromFile count - 0
16:21:09.183 [pool-2-thread-1] INFO  kr.go.mpss.idsl.dmr.ip.link.ehojo_contract.FromFileBlock.doing(FromFileBlock.java:31) - FromFile count - 0
16:21:09.184 [pool-2-thread-1] INFO  kr.go.mpss.idsl.dmr.ip.link.ehojo_contract.FromFileBlock.doing(FromFileBlock.java:31) - FromFile count - 0
16:21:09.186 [pool-2-thread-1] INFO  kr.go.mpss.idsl.dmr.ip.link.ehojo_contract.FromFileBlock.doing(FromFileBlock.java:31) - FromFile count - 0
16:21:09.186 [pool-2-thread-1] INFO  kr.go.mpss.idsl.dmr.ip.link.ehojo_contract.FromFileBlock.doing(FromFileBlock.java:31) - FromFile count - 0
16:21:09.187 [pool-2-thread-1] INFO  kr.go.mpss.idsl.dmr.ip.link.ehojo_contract.FromFileBlock.doing(FromFileBlock.java:31) - FromFile count - 0
16:21:09.187 [pool-2-thread-1] INFO  kr.go.mpss.idsl.dmr.ip.link.ehojo_contract.FromFileBlock.doing(FromFileBlock.java:31) - FromFile count - 0
16:21:09.187 [pool-2-thread-1] INFO  kr.go.mpss.idsl.dmr.ip.link.ehojo_contract.FromFileBlock.doing(FromFileBlock.java:31) - FromFile count - 0
16:21:09.188 [pool-2-thread-1] INFO  kr.go.mpss.idsl.dmr.ip.link.ehojo_contract.FromFileBlock.doing(FromFileBlock.java:31) - FromFile count - 0
16:21:09.188 [pool-2-thread-1] INFO  kr.go.mpss.idsl.dmr.ip.link.ehojo_contract.FromFileBlock.doing(FromFileBlock.java:31) - FromFile count - 0
16:21:09.189 [pool-2-thread-1] INFO  kr.go.mpss.idsl.dmr.ip.link.ehojo_contract.FromFileBlock.doing(FromFileBlock.java:31) - FromFile count - 0
16:21:18.766 [pool-2-thread-1] INFO  kr.go.mpss.idsl.dmr.ip.link.ehojo_contract.FromFileBlock.doing(FromFileBlock.java:31) - FromFile count - 0
16:21:28.768 [pool-2-thread-1] INFO  kr.go.mpss.idsl.dmr.ip.link.ehojo_contract.FromFileBlock.doing(FromFileBlock.java:31) - FromFile count - 0
16:21:38.770 [pool-2-thread-1] INFO  kr.go.mpss.idsl.dmr.ip.link.ehojo_contract.FromFileBlock.doing(FromFileBlock.java:31) - FromFile count - 0
16:21:48.768 [pool-2-thread-1] INFO  kr.go.mpss.idsl.dmr.ip.link.ehojo_contract.FromFileBlock.doing(FromFileBlock.java:31) - FromFile count - 0
16:21:58.767 [pool-2-thread-1] INFO  kr.go.mpss.idsl.dmr.ip.link.ehojo_contract.FromFileBlock.doing(FromFileBlock.java:31) - FromFile count - 0
16:22:08.770 [pool-2-thread-1] INFO  kr.go.mpss.idsl.dmr.ip.link.ehojo_contract.FromFileBlock.doing(FromFileBlock.java:31) - FromFile count - 0
16:22:18.769 [pool-2-thread-1] INFO  kr.go.mpss.idsl.dmr.ip.link.ehojo_contract.FromFileBlock.doing(FromFileBlock.java:31) - FromFile count - 0
16:22:28.767 [pool-2-thread-1] INFO  kr.go.mpss.idsl.dmr.ip.link.ehojo_contract.FromFileBlock.doing(FromFileBlock.java:31) - FromFile count - 0
16:22:38.768 [pool-2-thread-1] INFO  kr.go.mpss.idsl.dmr.ip.link.ehojo_contract.FromFileBlock.doing(FromFileBlock.java:31) - FromFile count - 0
16:22:48.766 [pool-2-thread-1] INFO  kr.go.mpss.idsl.dmr.ip.link.ehojo_contract.FromFileBlock.doing(FromFileBlock.java:31) - FromFile count - 0
16:22:58.769 [pool-2-thread-1] INFO  kr.go.mpss.idsl.dmr.ip.link.ehojo_contract.FromFileBlock.doing(FromFileBlock.java:31) - FromFile count - 0
16:23:08.765 [pool-2-thread-1] INFO  kr.go.mpss.idsl.dmr.ip.link.ehojo_contract.FromFileBlock.doing(FromFileBlock.java:31) - FromFile count - 0
16:23:18.766 [pool-2-thread-1] INFO  kr.go.mpss.idsl.dmr.ip.link.ehojo_contract.FromFileBlock.doing(FromFileBlock.java:31) - FromFile count - 0
16:23:28.769 [pool-2-thread-1] INFO  kr.go.mpss.idsl.dmr.ip.link.ehojo_contract.FromFileBlock.doing(FromFileBlock.java:31) - FromFile count - 0
16:23:38.769 [pool-2-thread-1] INFO  kr.go.mpss.idsl.dmr.ip.link.ehojo_contract.FromFileBlock.doing(FromFileBlock.java:31) - FromFile count - 0
16:23:48.765 [pool-2-thread-1] INFO  kr.go.mpss.idsl.dmr.ip.link.ehojo_contract.FromFileBlock.doing(FromFileBlock.java:31) - FromFile count - 0
16:23:58.767 [pool-2-thread-1] INFO  kr.go.mpss.idsl.dmr.ip.link.ehojo_contract.FromFileBlock.doing(FromFileBlock.java:31) - FromFile count - 0
16:24:08.765 [pool-2-thread-1] INFO  kr.go.mpss.idsl.dmr.ip.link.ehojo_contract.FromFileBlock.doing(FromFileBlock.java:31) - FromFile count - 0
16:24:18.766 [pool-2-thread-1] INFO  kr.go.mpss.idsl.dmr.ip.link.ehojo_contract.FromFileBlock.doing(FromFileBlock.java:31) - FromFile count - 0
16:24:28.767 [pool-2-thread-1] INFO  kr.go.mpss.idsl.dmr.ip.link.ehojo_contract.FromFileBlock.doing(FromFileBlock.java:31) - FromFile count - 0
16:24:38.767 [pool-2-thread-1] INFO  kr.go.mpss.idsl.dmr.ip.link.ehojo_contract.FromFileBlock.doing(FromFileBlock.java:31) - FromFile count - 0
16:24:48.768 [pool-2-thread-1] INFO  kr.go.mpss.idsl.dmr.ip.link.ehojo_contract.FromFileBlock.doing(FromFileBlock.java:31) - FromFile count - 0
16:24:58.769 [pool-2-thread-1] INFO  kr.go.mpss.idsl.dmr.ip.link.ehojo_contract.FromFileBlock.doing(FromFileBlock.java:31) - FromFile count - 0
16:25:08.765 [pool-2-thread-1] INFO  kr.go.mpss.idsl.dmr.ip.link.ehojo_contract.FromFileBlock.doing(FromFileBlock.java:31) - FromFile count - 0
16:25:18.768 [pool-2-thread-1] INFO  kr.go.mpss.idsl.dmr.ip.link.ehojo_contract.FromFileBlock.doing(FromFileBlock.java:31) - FromFile count - 0
16:25:28.767 [pool-2-thread-1] INFO  kr.go.mpss.idsl.dmr.ip.link.ehojo_contract.FromFileBlock.doing(FromFileBlock.java:31) - FromFile count - 0
16:25:38.770 [pool-2-thread-1] INFO  kr.go.mpss.idsl.dmr.ip.link.ehojo_contract.FromFileBlock.doing(FromFileBlock.java:31) - FromFile count - 0
16:25:48.768 [pool-2-thread-1] INFO  kr.go.mpss.idsl.dmr.ip.link.ehojo_contract.FromFileBlock.doing(FromFileBlock.java:31) - FromFile count - 0
16:25:58.766 [pool-2-thread-1] INFO  kr.go.mpss.idsl.dmr.ip.link.ehojo_contract.FromFileBlock.doing(FromFileBlock.java:31) - FromFile count - 0
16:26:08.769 [pool-2-thread-1] INFO  kr.go.mpss.idsl.dmr.ip.link.ehojo_contract.FromFileBlock.doing(FromFileBlock.java:31) - FromFile count - 0
16:26:18.770 [pool-2-thread-1] INFO  kr.go.mpss.idsl.dmr.ip.link.ehojo_contract.FromFileBlock.doing(FromFileBlock.java:31) - FromFile count - 0
16:26:28.766 [pool-2-thread-1] INFO  kr.go.mpss.idsl.dmr.ip.link.ehojo_contract.FromFileBlock.doing(FromFileBlock.java:31) - FromFile count - 0
16:26:38.767 [pool-2-thread-1] INFO  kr.go.mpss.idsl.dmr.ip.link.ehojo_contract.FromFileBlock.doing(FromFileBlock.java:31) - FromFile count - 0
16:26:48.767 [pool-2-thread-1] INFO  kr.go.mpss.idsl.dmr.ip.link.ehojo_contract.FromFileBlock.doing(FromFileBlock.java:31) - FromFile count - 0
16:26:58.770 [pool-2-thread-1] INFO  kr.go.mpss.idsl.dmr.ip.link.ehojo_contract.FromFileBlock.doing(FromFileBlock.java:31) - FromFile count - 0
16:27:08.766 [pool-2-thread-1] INFO  kr.go.mpss.idsl.dmr.ip.link.ehojo_contract.FromFileBlock.doing(FromFileBlock.java:31) - FromFile count - 0
16:27:18.767 [pool-2-thread-1] INFO  kr.go.mpss.idsl.dmr.ip.link.ehojo_contract.FromFileBlock.doing(FromFileBlock.java:31) - FromFile count - 0
16:27:28.767 [pool-2-thread-1] INFO  kr.go.mpss.idsl.dmr.ip.link.ehojo_contract.FromFileBlock.doing(FromFileBlock.java:31) - FromFile count - 0
16:27:38.770 [pool-2-thread-1] INFO  kr.go.mpss.idsl.dmr.ip.link.ehojo_contract.FromFileBlock.doing(FromFileBlock.java:31) - FromFile count - 0
16:27:48.768 [pool-2-thread-1] INFO  kr.go.mpss.idsl.dmr.ip.link.ehojo_contract.FromFileBlock.doing(FromFileBlock.java:31) - FromFile count - 0
16:27:58.770 [pool-2-thread-1] INFO  kr.go.mpss.idsl.dmr.ip.link.ehojo_contract.FromFileBlock.doing(FromFileBlock.java:31) - FromFile count - 0
16:28:08.766 [pool-2-thread-1] INFO  kr.go.mpss.idsl.dmr.ip.link.ehojo_contract.FromFileBlock.doing(FromFileBlock.java:31) - FromFile count - 0
16:28:18.767 [pool-2-thread-1] INFO  kr.go.mpss.idsl.dmr.ip.link.ehojo_contract.FromFileBlock.doing(FromFileBlock.java:31) - FromFile count - 0
16:28:28.768 [pool-2-thread-1] INFO  kr.go.mpss.idsl.dmr.ip.link.ehojo_contract.FromFileBlock.doing(FromFileBlock.java:31) - FromFile count - 0
16:28:38.766 [pool-2-thread-1] INFO  kr.go.mpss.idsl.dmr.ip.link.ehojo_contract.FromFileBlock.doing(FromFileBlock.java:31) - FromFile count - 0
16:28:48.767 [pool-2-thread-1] INFO  kr.go.mpss.idsl.dmr.ip.link.ehojo_contract.FromFileBlock.doing(FromFileBlock.java:31) - FromFile count - 0
16:28:58.770 [pool-2-thread-1] INFO  kr.go.mpss.idsl.dmr.ip.link.ehojo_contract.FromFileBlock.doing(FromFileBlock.java:31) - FromFile count - 0
16:29:08.766 [pool-2-thread-1] INFO  kr.go.mpss.idsl.dmr.ip.link.ehojo_contract.FromFileBlock.doing(FromFileBlock.java:31) - FromFile count - 0
16:29:18.767 [pool-2-thread-1] INFO  kr.go.mpss.idsl.dmr.ip.link.ehojo_contract.FromFileBlock.doing(FromFileBlock.java:31) - FromFile count - 0
16:29:28.768 [pool-2-thread-1] INFO  kr.go.mpss.idsl.dmr.ip.link.ehojo_contract.FromFileBlock.doing(FromFileBlock.java:31) - FromFile count - 0
16:29:38.768 [pool-2-thread-1] INFO  kr.go.mpss.idsl.dmr.ip.link.ehojo_contract.FromFileBlock.doing(FromFileBlock.java:31) - FromFile count - 0
16:29:48.769 [pool-2-thread-1] INFO  kr.go.mpss.idsl.dmr.ip.link.ehojo_contract.FromFileBlock.doing(FromFileBlock.java:31) - FromFile count - 0
16:29:58.767 [pool-2-thread-1] INFO  kr.go.mpss.idsl.dmr.ip.link.ehojo_contract.FromFileBlock.doing(FromFileBlock.java:31) - FromFile count - 0
16:30:08.769 [pool-2-thread-1] INFO  kr.go.mpss.idsl.dmr.ip.link.ehojo_contract.FromFileBlock.doing(FromFileBlock.java:31) - FromFile count - 0
16:30:18.770 [pool-2-thread-1] INFO  kr.go.mpss.idsl.dmr.ip.link.ehojo_contract.FromFileBlock.doing(FromFileBlock.java:31) - FromFile count - 0
16:30:28.766 [pool-2-thread-1] INFO  kr.go.mpss.idsl.dmr.ip.link.ehojo_contract.FromFileBlock.doing(FromFileBlock.java:31) - FromFile count - 0
16:30:38.768 [pool-2-thread-1] INFO  kr.go.mpss.idsl.dmr.ip.link.ehojo_contract.FromFileBlock.doing(FromFileBlock.java:31) - FromFile count - 0
16:30:48.766 [pool-2-thread-1] INFO  kr.go.mpss.idsl.dmr.ip.link.ehojo_contract.FromFileBlock.doing(FromFileBlock.java:31) - FromFile count - 0
16:30:58.766 [pool-2-thread-1] INFO  kr.go.mpss.idsl.dmr.ip.link.ehojo_contract.FromFileBlock.doing(FromFileBlock.java:31) - FromFile count - 0
16:31:08.767 [pool-2-thread-1] INFO  kr.go.mpss.idsl.dmr.ip.link.ehojo_contract.FromFileBlock.doing(FromFileBlock.java:31) - FromFile count - 0
16:31:18.767 [pool-2-thread-1] INFO  kr.go.mpss.idsl.dmr.ip.link.ehojo_contract.FromFileBlock.doing(FromFileBlock.java:31) - FromFile count - 0
16:31:28.768 [pool-2-thread-1] INFO  kr.go.mpss.idsl.dmr.ip.link.ehojo_contract.FromFileBlock.doing(FromFileBlock.java:31) - FromFile count - 0
16:31:38.769 [pool-2-thread-1] INFO  kr.go.mpss.idsl.dmr.ip.link.ehojo_contract.FromFileBlock.doing(FromFileBlock.java:31) - FromFile count - 0
16:31:48.766 [pool-2-thread-1] INFO  kr.go.mpss.idsl.dmr.ip.link.ehojo_contract.FromFileBlock.doing(FromFileBlock.java:31) - FromFile count - 0
16:31:58.769 [pool-2-thread-1] INFO  kr.go.mpss.idsl.dmr.ip.link.ehojo_contract.FromFileBlock.doing(FromFileBlock.java:31) - FromFile count - 0
16:32:08.769 [pool-2-thread-1] INFO  kr.go.mpss.idsl.dmr.ip.link.ehojo_contract.FromFileBlock.doing(FromFileBlock.java:31) - FromFile count - 0
16:32:18.767 [pool-2-thread-1] INFO  kr.go.mpss.idsl.dmr.ip.link.ehojo_contract.FromFileBlock.doing(FromFileBlock.java:31) - FromFile count - 0
16:32:28.768 [pool-2-thread-1] INFO  kr.go.mpss.idsl.dmr.ip.link.ehojo_contract.FromFileBlock.doing(FromFileBlock.java:31) - FromFile count - 0
16:32:38.770 [pool-2-thread-1] INFO  kr.go.mpss.idsl.dmr.ip.link.ehojo_contract.FromFileBlock.doing(FromFileBlock.java:31) - FromFile count - 0
16:32:48.768 [pool-2-thread-1] INFO  kr.go.mpss.idsl.dmr.ip.link.ehojo_contract.FromFileBlock.doing(FromFileBlock.java:31) - FromFile count - 0
16:32:58.768 [pool-2-thread-1] INFO  kr.go.mpss.idsl.dmr.ip.link.ehojo_contract.FromFileBlock.doing(FromFileBlock.java:31) - FromFile count - 0
16:33:08.769 [pool-2-thread-1] INFO  kr.go.mpss.idsl.dmr.ip.link.ehojo_contract.FromFileBlock.doing(FromFileBlock.java:31) - FromFile count - 0
16:33:18.765 [pool-2-thread-1] INFO  kr.go.mpss.idsl.dmr.ip.link.ehojo_contract.FromFileBlock.doing(FromFileBlock.java:31) - FromFile count - 0
16:33:28.768 [pool-2-thread-1] INFO  kr.go.mpss.idsl.dmr.ip.link.ehojo_contract.FromFileBlock.doing(FromFileBlock.java:31) - FromFile count - 0
16:33:38.769 [pool-2-thread-1] INFO  kr.go.mpss.idsl.dmr.ip.link.ehojo_contract.FromFileBlock.doing(FromFileBlock.java:31) - FromFile count - 0
16:33:48.765 [pool-2-thread-1] INFO  kr.go.mpss.idsl.dmr.ip.link.ehojo_contract.FromFileBlock.doing(FromFileBlock.java:31) - FromFile count - 0
16:33:58.766 [pool-2-thread-1] INFO  kr.go.mpss.idsl.dmr.ip.link.ehojo_contract.FromFileBlock.doing(FromFileBlock.java:31) - FromFile count - 0
16:34:08.769 [pool-2-thread-1] INFO  kr.go.mpss.idsl.dmr.ip.link.ehojo_contract.FromFileBlock.doing(FromFileBlock.java:31) - FromFile count - 0
16:34:18.765 [pool-2-thread-1] INFO  kr.go.mpss.idsl.dmr.ip.link.ehojo_contract.FromFileBlock.doing(FromFileBlock.java:31) - FromFile count - 0
16:34:28.768 [pool-2-thread-1] INFO  kr.go.mpss.idsl.dmr.ip.link.ehojo_contract.FromFileBlock.doing(FromFileBlock.java:31) - FromFile count - 0
16:34:38.767 [pool-2-thread-1] INFO  kr.go.mpss.idsl.dmr.ip.link.ehojo_contract.FromFileBlock.doing(FromFileBlock.java:31) - FromFile count - 0
16:34:48.768 [pool-2-thread-1] INFO  kr.go.mpss.idsl.dmr.ip.link.ehojo_contract.FromFileBlock.doing(FromFileBlock.java:31) - FromFile count - 0
16:34:58.769 [pool-2-thread-1] INFO  kr.go.mpss.idsl.dmr.ip.link.ehojo_contract.FromFileBlock.doing(FromFileBlock.java:31) - FromFile count - 0
16:35:08.767 [pool-2-thread-1] INFO  kr.go.mpss.idsl.dmr.ip.link.ehojo_contract.FromFileBlock.doing(FromFileBlock.java:31) - FromFile count - 0
16:35:18.768 [pool-2-thread-1] INFO  kr.go.mpss.idsl.dmr.ip.link.ehojo_contract.FromFileBlock.doing(FromFileBlock.java:31) - FromFile count - 0
16:35:28.766 [pool-2-thread-1] INFO  kr.go.mpss.idsl.dmr.ip.link.ehojo_contract.FromFileBlock.doing(FromFileBlock.java:31) - FromFile count - 0
16:35:38.769 [pool-2-thread-1] INFO  kr.go.mpss.idsl.dmr.ip.link.ehojo_contract.FromFileBlock.doing(FromFileBlock.java:31) - FromFile count - 0
16:35:48.767 [pool-2-thread-1] INFO  kr.go.mpss.idsl.dmr.ip.link.ehojo_contract.FromFileBlock.doing(FromFileBlock.java:31) - FromFile count - 0
16:35:58.768 [pool-2-thread-1] INFO  kr.go.mpss.idsl.dmr.ip.link.ehojo_contract.FromFileBlock.doing(FromFileBlock.java:31) - FromFile count - 0
16:36:08.769 [pool-2-thread-1] INFO  kr.go.mpss.idsl.dmr.ip.link.ehojo_contract.FromFileBlock.doing(FromFileBlock.java:31) - FromFile count - 0
16:36:18.765 [pool-2-thread-1] INFO  kr.go.mpss.idsl.dmr.ip.link.ehojo_contract.FromFileBlock.doing(FromFileBlock.java:31) - FromFile count - 0
16:36:28.767 [pool-2-thread-1] INFO  kr.go.mpss.idsl.dmr.ip.link.ehojo_contract.FromFileBlock.doing(FromFileBlock.java:31) - FromFile count - 0
16:36:38.768 [pool-2-thread-1] INFO  kr.go.mpss.idsl.dmr.ip.link.ehojo_contract.FromFileBlock.doing(FromFileBlock.java:31) - FromFile count - 0
16:36:48.769 [pool-2-thread-1] INFO  kr.go.mpss.idsl.dmr.ip.link.ehojo_contract.FromFileBlock.doing(FromFileBlock.java:31) - FromFile count - 0
16:36:58.770 [pool-2-thread-1] INFO  kr.go.mpss.idsl.dmr.ip.link.ehojo_contract.FromFileBlock.doing(FromFileBlock.java:31) - FromFile count - 0
16:37:08.768 [pool-2-thread-1] INFO  kr.go.mpss.idsl.dmr.ip.link.ehojo_contract.FromFileBlock.doing(FromFileBlock.java:31) - FromFile count - 0
16:37:18.769 [pool-2-thread-1] INFO  kr.go.mpss.idsl.dmr.ip.link.ehojo_contract.FromFileBlock.doing(FromFileBlock.java:31) - FromFile count - 0
16:37:28.770 [pool-2-thread-1] INFO  kr.go.mpss.idsl.dmr.ip.link.ehojo_contract.FromFileBlock.doing(FromFileBlock.java:31) - FromFile count - 0
16:37:38.766 [pool-2-thread-1] INFO  kr.go.mpss.idsl.dmr.ip.link.ehojo_contract.FromFileBlock.doing(FromFileBlock.java:31) - FromFile count - 0
16:37:48.767 [pool-2-thread-1] INFO  kr.go.mpss.idsl.dmr.ip.link.ehojo_contract.FromFileBlock.doing(FromFileBlock.java:31) - FromFile count - 0
16:37:58.768 [pool-2-thread-1] INFO  kr.go.mpss.idsl.dmr.ip.link.ehojo_contract.FromFileBlock.doing(FromFileBlock.java:31) - FromFile count - 0
16:38:08.769 [pool-2-thread-1] INFO  kr.go.mpss.idsl.dmr.ip.link.ehojo_contract.FromFileBlock.doing(FromFileBlock.java:31) - FromFile count - 0
16:38:18.770 [pool-2-thread-1] INFO  kr.go.mpss.idsl.dmr.ip.link.ehojo_contract.FromFileBlock.doing(FromFileBlock.java:31) - FromFile count - 0
16:38:28.766 [pool-2-thread-1] INFO  kr.go.mpss.idsl.dmr.ip.link.ehojo_contract.FromFileBlock.doing(FromFileBlock.java:31) - FromFile count - 0
16:38:38.768 [pool-2-thread-1] INFO  kr.go.mpss.idsl.dmr.ip.link.ehojo_contract.FromFileBlock.doing(FromFileBlock.java:31) - FromFile count - 0
16:38:48.769 [pool-2-thread-1] INFO  kr.go.mpss.idsl.dmr.ip.link.ehojo_contract.FromFileBlock.doing(FromFileBlock.java:31) - FromFile count - 0
